<?xml version="1.0" encoding="UTF-8"?>
<!-- Generated by org.testng.reporters.JUnitReportReporter -->
<testsuite hostname="Satarupa-Biswal" failures="0" tests="1" name="test.CMSSavePageTest" time="23.952" errors="0" timestamp="14 Sep 2023 09:16:03 GMT" skipped="0">
  <testcase classname="test.CMSSavePageTest" name="verifyPageSaveInSilverstripeCMS" time="23.952"/>
</testsuite> <!-- test.CMSSavePageTest -->
