<?xml version="1.0" encoding="UTF-8"?>
<!-- Generated by org.testng.reporters.JUnitReportReporter -->
<testsuite hostname="Satarupa-Biswal" failures="0" tests="1" name="test.CMSCreatePageTest" time="16.289" errors="0" timestamp="07 Sep 2023 02:13:39 GMT" skipped="0">
  <testcase classname="test.CMSCreatePageTest" name="verifyPageCreationInSilverstripeCMS" time="16.289"/>
</testsuite> <!-- test.CMSCreatePageTest -->
