<?xml version="1.0" encoding="UTF-8"?>
<!-- Generated by org.testng.reporters.JUnitReportReporter -->
<testsuite hostname="Satarupa-Biswal" failures="0" tests="1" name="test.SearchTest" time="8.180" errors="0" timestamp="29 Aug 2023 08:21:27 GMT" skipped="0">
  <testcase classname="test.SearchTest" name="verifySearchInSilverStripe" time="8.180"/>
</testsuite> <!-- test.SearchTest -->
