<?xml version="1.0" encoding="UTF-8"?>
<!-- Generated by org.testng.reporters.JUnitReportReporter -->
<testsuite hostname="Satarupa-Biswal" failures="0" tests="1" name="test.CMSLogInTest" time="10.386" errors="0" timestamp="07 Sep 2023 00:30:19 GMT" skipped="0">
  <testcase classname="test.CMSLogInTest" name="verifyLogInSilverstripeCMS" time="10.386"/>
</testsuite> <!-- test.CMSLogInTest -->
