<?xml version="1.0" encoding="UTF-8"?>
<!-- Generated by org.testng.reporters.JUnitReportReporter -->
<testsuite hostname="Satarupa-Biswal" failures="0" tests="1" name="test.CMSPublishPageTest" time="29.439" errors="0" timestamp="15 Sep 2023 07:57:34 GMT" skipped="0">
  <testcase classname="test.CMSPublishPageTest" name="verifyPageSaveInSilverstripeCMS" time="29.439"/>
</testsuite> <!-- test.CMSPublishPageTest -->
