<?xml version="1.0" encoding="UTF-8"?>
<!-- Generated by org.testng.reporters.JUnitReportReporter -->
<testsuite hostname="Satarupa-Biswal" failures="0" tests="1" name="test.CMSArchivePageTest" time="45.360" errors="0" timestamp="15 Sep 2023 09:03:12 GMT" skipped="0">
  <testcase classname="test.CMSArchivePageTest" name="verifyPageUnpublishAndArchiveInSilverstripeCMS" time="45.360"/>
</testsuite> <!-- test.CMSArchivePageTest -->
